<?xml version="1.0" encoding="UTF-8"?>
<!-- Generated by org.testng.reporters.JUnitReportReporter -->
<testsuite skipped="0" hostname="Admin-PC" name="com.Testcase.Showusernamepassword" tests="3" failures="0" timestamp="30 Mar 2020 11:44:39 GMT" time="0.032" errors="0">
  <testcase name="showdata" time="0.005" classname="com.Testcase.Showusernamepassword"/>
  <testcase name="showdata" time="0.021" classname="com.Testcase.Showusernamepassword"/>
  <testcase name="showdata" time="0.006" classname="com.Testcase.Showusernamepassword"/>
</testsuite> <!-- com.Testcase.Showusernamepassword -->
