<?xml version="1.0" encoding="UTF-8"?>
<!-- Generated by org.testng.reporters.JUnitReportReporter -->
<testsuite skipped="3" hostname="Admin-PC" name="com.Testcase.Test_regression" tests="9" failures="0" timestamp="29 Mar 2020 09:16:05 GMT" time="49.487" errors="0">
  <testcase name="showdata" time="0.003" classname="com.Testcase.Test_regression"/>
  <testcase name="showdata" time="0.003" classname="com.Testcase.Test_regression"/>
  <testcase name="showdata" time="0.004" classname="com.Testcase.Test_regression"/>
  <testcase name="Tc_02" time="19.160" classname="com.Testcase.Test_regression"/>
  <testcase name="Tc_04" time="18.579" classname="com.Testcase.Test_regression"/>
  <testcase name="Tc_05" time="11.738" classname="com.Testcase.Test_regression"/>
  <testcase name="Tc_03" classname="com.Testcase.Test_regression">
    <skipped/>
  </testcase> <!-- Tc_03 -->
  <testcase name="Tc_06" classname="com.Testcase.Test_regression">
    <skipped/>
  </testcase> <!-- Tc_06 -->
  <testcase name="Tc_07" classname="com.Testcase.Test_regression">
    <skipped/>
  </testcase> <!-- Tc_07 -->
</testsuite> <!-- com.Testcase.Test_regression -->
