<?xml version="1.0" encoding="UTF-8"?>
<!-- Generated by org.testng.reporters.JUnitReportReporter -->
<testsuite skipped="8" hostname="Admin-PC" name="com.Testcase.Test_regression" tests="10" failures="0" timestamp="04 Apr 2020 08:48:21 GMT" time="8.917" errors="0">
  <testcase name="Signclick" time="1.899" classname="com.Testcase.Test_regression"/>
  <testcase name="Tc_02" time="7.018" classname="com.Testcase.Test_regression"/>
  <testcase name="Tc_04" classname="com.Testcase.Test_regression">
    <skipped/>
  </testcase> <!-- Tc_04 -->
  <testcase name="Tc_03" classname="com.Testcase.Test_regression">
    <skipped/>
  </testcase> <!-- Tc_03 -->
  <testcase name="Tc_06" classname="com.Testcase.Test_regression">
    <skipped/>
  </testcase> <!-- Tc_06 -->
  <testcase name="Tc_05" classname="com.Testcase.Test_regression">
    <skipped/>
  </testcase> <!-- Tc_05 -->
  <testcase name="Tc_08" classname="com.Testcase.Test_regression">
    <skipped/>
  </testcase> <!-- Tc_08 -->
  <testcase name="Tc_07" classname="com.Testcase.Test_regression">
    <skipped/>
  </testcase> <!-- Tc_07 -->
  <testcase name="Tc_09" classname="com.Testcase.Test_regression">
    <skipped/>
  </testcase> <!-- Tc_09 -->
  <testcase name="Tc_10" classname="com.Testcase.Test_regression">
    <skipped/>
  </testcase> <!-- Tc_10 -->
</testsuite> <!-- com.Testcase.Test_regression -->
